c:\users\owner\onedrive\documents\cppgamedev\lab5\lab5\x64\debug\vc143.pdb
c:\users\owner\onedrive\documents\cppgamedev\lab5\lab5\x64\debug\vc143.idb
c:\users\owner\onedrive\documents\cppgamedev\lab5\lab5\x64\debug\rational.obj
c:\users\owner\onedrive\documents\cppgamedev\lab5\lab5\x64\debug\lab5.pdb
c:\users\owner\onedrive\documents\cppgamedev\lab5\lab5\x64\debug\lab5.tlog\cl.command.1.tlog
c:\users\owner\onedrive\documents\cppgamedev\lab5\lab5\x64\debug\lab5.tlog\cl.read.1.tlog
c:\users\owner\onedrive\documents\cppgamedev\lab5\lab5\x64\debug\lab5.tlog\cl.write.1.tlog
c:\users\owner\onedrive\documents\cppgamedev\lab5\lab5\x64\debug\lab5.tlog\link-cvtres.read.1.tlog
c:\users\owner\onedrive\documents\cppgamedev\lab5\lab5\x64\debug\lab5.tlog\link-cvtres.write.1.tlog
c:\users\owner\onedrive\documents\cppgamedev\lab5\lab5\x64\debug\lab5.tlog\link-rc.read.1.tlog
c:\users\owner\onedrive\documents\cppgamedev\lab5\lab5\x64\debug\lab5.tlog\link-rc.write.1.tlog
c:\users\owner\onedrive\documents\cppgamedev\lab5\lab5\x64\debug\lab5.tlog\link.37500-cvtres.read.1.tlog
c:\users\owner\onedrive\documents\cppgamedev\lab5\lab5\x64\debug\lab5.tlog\link.37500-cvtres.write.1.tlog
c:\users\owner\onedrive\documents\cppgamedev\lab5\lab5\x64\debug\lab5.tlog\link.37500-rc.read.1.tlog
c:\users\owner\onedrive\documents\cppgamedev\lab5\lab5\x64\debug\lab5.tlog\link.37500-rc.write.1.tlog
c:\users\owner\onedrive\documents\cppgamedev\lab5\lab5\x64\debug\lab5.tlog\link.37500.read.1.tlog
c:\users\owner\onedrive\documents\cppgamedev\lab5\lab5\x64\debug\lab5.tlog\link.37500.read.2.tlog
c:\users\owner\onedrive\documents\cppgamedev\lab5\lab5\x64\debug\lab5.tlog\link.37500.write.1.tlog
c:\users\owner\onedrive\documents\cppgamedev\lab5\lab5\x64\debug\lab5.tlog\link.command.1.tlog
c:\users\owner\onedrive\documents\cppgamedev\lab5\lab5\x64\debug\lab5.tlog\link.read.1.tlog
c:\users\owner\onedrive\documents\cppgamedev\lab5\lab5\x64\debug\lab5.tlog\link.read.2.tlog
c:\users\owner\onedrive\documents\cppgamedev\lab5\lab5\x64\debug\lab5.tlog\link.write.1.tlog
